<?xml version="1.0" encoding="UTF-8"?>
<!-- Generated by org.testng.reporters.JUnitReportReporter -->
<testsuite skipped="0" hostname="Gs-MacBook-Pro.modem" name="com.officeworks.qa.tests.MobileAndIphonePageTest" tests="1" failures="0" timestamp="25 Apr 2019 04:18:11 GMT" time="22.477" errors="0">
  <testcase name="addToCartTest" time="22.477" classname="com.officeworks.qa.tests.MobileAndIphonePageTest"/>
</testsuite> <!-- com.officeworks.qa.tests.MobileAndIphonePageTest -->
