<?xml version="1.0" encoding="UTF-8"?>
<!-- Generated by org.testng.reporters.JUnitReportReporter -->
<testsuite skipped="0" hostname="Gs-MacBook-Pro.modem" name="com.officeworks.qa.tests.LoginPageTest" tests="3" failures="0" timestamp="25 Apr 2019 13:28:30 GMT" time="16.715" errors="0">
  <testcase name="verifyLoginPageTitleTest" time="5.260" classname="com.officeworks.qa.tests.LoginPageTest"/>
  <testcase name="validateLogo" time="5.146" classname="com.officeworks.qa.tests.LoginPageTest"/>
  <testcase name="loginTest" time="6.309" classname="com.officeworks.qa.tests.LoginPageTest"/>
</testsuite> <!-- com.officeworks.qa.tests.LoginPageTest -->
