<?xml version="1.0" encoding="UTF-8"?>
<!-- Generated by org.testng.reporters.JUnitReportReporter -->
<testsuite skipped="0" hostname="Gs-MacBook-Pro.modem" name="com.officeworks.qa.tests.HomePageTest" tests="2" failures="0" timestamp="25 Apr 2019 13:28:30 GMT" time="13.294" errors="0">
  <testcase name="verifyHomePageTitleTest" time="5.709" classname="com.officeworks.qa.tests.HomePageTest"/>
  <testcase name="selectTechnologyOptionTest" time="7.585" classname="com.officeworks.qa.tests.HomePageTest"/>
</testsuite> <!-- com.officeworks.qa.tests.HomePageTest -->
