<?xml version="1.0" encoding="UTF-8"?>
<!-- Generated by org.testng.reporters.JUnitReportReporter -->
<testsuite skipped="0" hostname="Gs-MacBook-Pro.modem" name="com.officeworks.qa.tests.ViewCartPageTest" tests="1" failures="0" timestamp="25 Apr 2019 06:37:45 GMT" time="17.379" errors="0">
  <testcase name="getitemtexttest" time="17.379" classname="com.officeworks.qa.tests.ViewCartPageTest"/>
</testsuite> <!-- com.officeworks.qa.tests.ViewCartPageTest -->
