<?xml version="1.0" encoding="UTF-8"?>
<!-- Generated by org.testng.reporters.JUnitReportReporter -->
<testsuite skipped="0" hostname="Gs-MacBook-Pro.modem" name="com.officeworks.qa.tests.IphoneAndMobilePhonesPageTest" tests="2" failures="0" timestamp="25 Apr 2019 13:28:30 GMT" time="16.758" errors="0">
  <testcase name="verifyiphoneandmobilephonesTitleTest" time="7.890" classname="com.officeworks.qa.tests.IphoneAndMobilePhonesPageTest"/>
  <testcase name="selectiphonesTest" time="8.868" classname="com.officeworks.qa.tests.IphoneAndMobilePhonesPageTest"/>
</testsuite> <!-- com.officeworks.qa.tests.IphoneAndMobilePhonesPageTest -->
