<?xml version="1.0" encoding="UTF-8"?>
<!-- Generated by org.testng.reporters.JUnitReportReporter -->
<testsuite skipped="0" hostname="Gs-MacBook-Pro.modem" name="com.officeworks.qa.tests.IphonesPageTest" tests="2" failures="0" timestamp="25 Apr 2019 13:28:30 GMT" time="31.670" errors="0">
  <testcase name="verifyIphonesPageTitleTest" time="10.196" classname="com.officeworks.qa.tests.IphonesPageTest"/>
  <testcase name="addToCartTest" time="21.474" classname="com.officeworks.qa.tests.IphonesPageTest"/>
</testsuite> <!-- com.officeworks.qa.tests.IphonesPageTest -->
