<?xml version="1.0" encoding="UTF-8"?>
<!-- Generated by org.testng.reporters.JUnitReportReporter -->
<testsuite skipped="0" hostname="Gs-MacBook-Pro.modem" name="com.officeworks.qa.tests.TechnologyPageTest" tests="2" failures="0" timestamp="25 Apr 2019 13:28:30 GMT" time="14.679" errors="0">
  <testcase name="verifyTechnologyPageTitleTest" time="6.994" classname="com.officeworks.qa.tests.TechnologyPageTest"/>
  <testcase name="selectiphoneandmobilephonesTest" time="7.685" classname="com.officeworks.qa.tests.TechnologyPageTest"/>
</testsuite> <!-- com.officeworks.qa.tests.TechnologyPageTest -->
